<?xml version="1.0" encoding="UTF-8"?>
<!-- Generated by org.testng.reporters.JUnitReportReporter -->
<testsuite hostname="KQ-LP-005" failures="0" tests="2" name="com.kiwiqa.testclass.MyInfoDirectTestNG" time="15.070" errors="0" timestamp="2024-06-26T15:46:00 IST" skipped="0">
  <testcase classname="com.kiwiqa.testclass.MyInfoDirectTestNG" name="login" time="4.388"/>
  <testcase classname="com.kiwiqa.testclass.MyInfoDirectTestNG" name="addDetails" time="10.682"/>
</testsuite> <!-- com.kiwiqa.testclass.MyInfoDirectTestNG -->
